0 info it worked if it ends with ok
1 verbose cli [ 'C:\\Program Files\\nodejs\\node.exe',
1 verbose cli   'C:\\Program Files\\nodejs\\node_modules\\npm\\bin\\npm-cli.js',
1 verbose cli   'install',
1 verbose cli   'i',
1 verbose cli   '--save' ]
2 info using npm@3.10.10
3 info using node@v6.11.0
4 silly loadCurrentTree Starting
5 silly install loadCurrentTree
6 silly install readLocalPackageData
7 silly fetchPackageMetaData i
8 silly fetchNamedPackageData i
9 silly mapToRegistry name i
10 silly mapToRegistry using default registry
11 silly mapToRegistry registry https://registry.npmjs.org/
12 silly mapToRegistry data Result {
12 silly mapToRegistry   raw: 'i',
12 silly mapToRegistry   scope: null,
12 silly mapToRegistry   escapedName: 'i',
12 silly mapToRegistry   name: 'i',
12 silly mapToRegistry   rawSpec: '',
12 silly mapToRegistry   spec: 'latest',
12 silly mapToRegistry   type: 'tag' }
13 silly mapToRegistry uri https://registry.npmjs.org/i
14 verbose request uri https://registry.npmjs.org/i
15 verbose request no auth needed
16 info attempt registry request try #1 at 2:23:21 PM
17 verbose request id 900b456871227b34
18 verbose etag W/"59d3aff5-392c"
19 verbose lastModified Tue, 03 Oct 2017 15:42:45 GMT
20 http request GET https://registry.npmjs.org/i
21 info retry will retry, error on last attempt: Error: getaddrinfo ENOENT registry.npmjs.org:443
22 info attempt registry request try #2 at 2:23:31 PM
23 verbose etag W/"59d3aff5-392c"
24 verbose lastModified Tue, 03 Oct 2017 15:42:45 GMT
25 http request GET https://registry.npmjs.org/i
26 info retry will retry, error on last attempt: Error: getaddrinfo ENOENT registry.npmjs.org:443
27 verbose stack Error: kill ENOSYS
27 verbose stack     at exports._errnoException (util.js:1018:11)
27 verbose stack     at process.kill (internal/process.js:190:13)
27 verbose stack     at process.listener (C:\Program Files\nodejs\node_modules\npm\node_modules\npmlog\node_modules\gauge\node_modules\signal-exit\index.js:86:15)
27 verbose stack     at emitNone (events.js:91:20)
27 verbose stack     at process.emit (events.js:185:7)
27 verbose stack     at processEmit (C:\Program Files\nodejs\node_modules\npm\node_modules\npmlog\node_modules\gauge\node_modules\signal-exit\index.js:146:32)
27 verbose stack     at processEmit (C:\Program Files\nodejs\node_modules\npm\node_modules\npm-registry-client\node_modules\npmlog\node_modules\gauge\node_modules\signal-exit\index.js:146:32)
27 verbose stack     at Signal.wrap.onsignal (internal/process.js:217:44)
28 verbose cwd C:\Users\yoggibear\Desktop\Repository\nytReact
29 error Windows_NT 6.1.7601
30 error argv "C:\\Program Files\\nodejs\\node.exe" "C:\\Program Files\\nodejs\\node_modules\\npm\\bin\\npm-cli.js" "install" "i" "--save"
31 error node v6.11.0
32 error npm  v3.10.10
33 error code ENOSYS
34 error errno ENOSYS
35 error syscall kill
36 error kill ENOSYS
37 error If you need help, you may report this error at:
37 error     <https://github.com/npm/npm/issues>
38 verbose exit [ 1, true ]
